
{
  "startloggingrequest": {
    "srcdir": {
      "name": r"C:\Temp",
      "filefilter": ".*"
    },
    "dstdir": r"C:\vdm-sdct-auto",
    "interval": "5",
    "timeout": "300"
  }
}

{
  "startloggingrequest": {
    "srcdir": {
      "name": r"C:\Users\Administrator\AppData\Local\Temp\vmware-<username>",
      "filefilter": ".*"
    },
    "dstdir": r"C:\vdm-sdct-auto",
    "interval": "5",
    "timeout": "300"
  }
}


this message request in PostMessage is: 
{'Content-type': 'application/json', 'Accept': 'application/json'}

{
  "startloggingrequest": {
    "srcdir": {
      "name": r"C:\Temp",
      "filefilter": ".*"
    },
    "dstdir": r"C:\vdm-sdct-auto",
    "interval": "5",
    "timeout": "300"
  }
}


{
  "startloggingrequest": {
    "srcdir": {
      "name": r"C:\Users\<username>\AppData\Local\VMware\VDM\logs",
      "filefilter": ".*"
    },
    "dstdir": r"C:\vdm-sdct-auto",
    "interval": "5",
    "timeout": "300"
  }
}


this message request in PostMessage is: 
{'Content-type': 'application/json', 'Accept': 'application/json'}

{
  "startloggingrequest": {
    "srcdir": {
      "name": r"C:\Users\Administrator\AppData\Local\Temp\vmware-<username>",
      "filefilter": ".*"
    },
    "dstdir": r"C:\vdm-sdct-auto",
    "interval": "5",
    "timeout": "300"
  }
}


{
  "startloggingrequest": {
    "srcdir": {
      "name": r"C:\Temp",
      "filefilter": ".*"
    },
    "dstdir": r"C:\vdm-sdct-auto",
    "interval": "5",
    "timeout": "300"
  }
}

{
  "startloggingrequest": {
    "srcdir": {
      "name": r"C:\ProgramData\VMware\VDM\logs",
      "filefilter": ".*"
    },
    "dstdir": r"C:\vdm-sdct-auto",
    "interval": "5",
    "timeout": "300"
  }
}


this message request in PostMessage is: 
{'Content-type': 'application/json', 'Accept': 'application/json'}

{
  "startloggingrequest": {
    "srcdir": {
      "name": r"C:\Users\<username>\AppData\Local\VMware\VDM\logs",
      "filefilter": ".*"
    },
    "dstdir": r"C:\vdm-sdct-auto",
    "interval": "5",
    "timeout": "300"
  }
}


{
  "startloggingrequest": {
    "srcdir": {
      "name": r"C:\ProgramData\VMware\VMware Blast",
      "filefilter": ".*"
    },
    "dstdir": r"C:\vdm-sdct-auto",
    "interval": "5",
    "timeout": "300"
  }
}


this message request in PostMessage is: 
{'Content-type': 'application/json', 'Accept': 'application/json'}

{
  "startloggingrequest": {
    "srcdir": {
      "name": r"C:\Temp",
      "filefilter": ".*"
    },
    "dstdir": r"C:\vdm-sdct-auto",
    "interval": "5",
    "timeout": "300"
  }
}



this message request in PostMessage is: 
{'Content-type': 'application/json', 'Accept': 'application/json'}

{
  "startloggingrequest": {
    "srcdir": {
      "name": r"C:\ProgramData\VMware\VDM\logs",
      "filefilter": ".*"
    },
    "dstdir": r"C:\vdm-sdct-auto",
    "interval": "5",
    "timeout": "300"
  }
}



this message request in PostMessage is: 
{'Content-type': 'application/json', 'Accept': 'application/json'}

{
  "startloggingrequest": {
    "srcdir": {
      "name": r"C:\ProgramData\VMware\VMware Blast",
      "filefilter": ".*"
    },
    "dstdir": r"C:\vdm-sdct-auto",
    "interval": "5",
    "timeout": "300"
  }
}

Get an exception when trying to connection to host and send GET /rest/logging
Exception:[Errno 11004] getaddrinfo failed
retry it again
Get an exception when trying to connection to host and send GET /rest/logging
Exception:[Errno 11004] getaddrinfo failed
Get an exception when trying to connection to host and send GET /rest/logging
retry it again
Exception:[Errno 11004] getaddrinfo failed
retry it again
Get an exception when trying to connection to host and send GET /rest/logging
Exception:[Errno 10061] No connection could be made because the target machine actively refused it
retry it again
Get an exception when trying to connection to host and send GET /rest/logging
Get an exception when trying to connection to host and send GET /rest/logging
Exception:[Errno 10061] No connection could be made because the target machine actively refused it
Exception:[Errno 10061] No connection could be made because the target machine actively refused it
retry it again
retry it again
